# JRE version: Java(TM) SE Runtime Environment (8.0_191-b12) (build 1.8.0_191-b12)
# Java VM: Java HotSpot(TM) 64-Bit Server VM (25.191-b12 mixed mode windows-amd64 compressed oops)
Heap:
 PSYoungGen      total 18432K, used 8478K [0x00000000eb580000, 0x00000000ece80000, 0x0000000100000000)
  eden space 15872K, 53% used [0x00000000eb580000,0x00000000ebdc79b0,0x00000000ec500000)
  from space 2560K, 0% used [0x00000000ec500000,0x00000000ec500000,0x00000000ec780000)
  to   space 2560K, 0% used [0x00000000ec780000,0x00000000ec780000,0x00000000eca00000)
 ParOldGen       total 31232K, used 3875K [0x00000000c2000000, 0x00000000c3e80000, 0x00000000eb580000)
  object space 31232K, 12% used [0x00000000c2000000,0x00000000c23c8dd8,0x00000000c3e80000)
 Metaspace       used 14317K, capacity 14818K, committed 14976K, reserved 1064960K
  class space    used 1913K, capacity 2049K, committed 2176K, reserved 1048576K
GC Heap History (10 events):
Event: 0.916 GC heap before
{Heap before GC invocations=5 (full 1):
 PSYoungGen      total 18432K, used 17056K [0x00000000eb580000, 0x00000000ece80000, 0x0000000100000000)
  eden space 15872K, 99% used [0x00000000eb580000,0x00000000ec4fefd8,0x00000000ec500000)
  from space 2560K, 46% used [0x00000000ec500000,0x00000000ec629100,0x00000000ec780000)
  to   space 2560K, 0% used [0x00000000ec780000,0x00000000ec780000,0x00000000eca00000)
 ParOldGen       total 31232K, used 1579K [0x00000000c2000000, 0x00000000c3e80000, 0x00000000eb580000)
  object space 31232K, 5% used [0x00000000c2000000,0x00000000c218ae08,0x00000000c3e80000)
 Metaspace       used 9689K, capacity 9878K, committed 9984K, reserved 1060864K
  class space    used 1200K, capacity 1273K, committed 1280K, reserved 1048576K
Event: 0.917 GC heap after
Heap after GC invocations=5 (full 1):
 PSYoungGen      total 18432K, used 1099K [0x00000000eb580000, 0x00000000ece80000, 0x0000000100000000)
  eden space 15872K, 0% used [0x00000000eb580000,0x00000000eb580000,0x00000000ec500000)
  from space 2560K, 42% used [0x00000000ec780000,0x00000000ec892e00,0x00000000eca00000)
  to   space 2560K, 0% used [0x00000000ec500000,0x00000000ec500000,0x00000000ec780000)
 ParOldGen       total 31232K, used 1579K [0x00000000c2000000, 0x00000000c3e80000, 0x00000000eb580000)
  object space 31232K, 5% used [0x00000000c2000000,0x00000000c218ae08,0x00000000c3e80000)
 Metaspace       used 9689K, capacity 9878K, committed 9984K, reserved 1060864K
  class space    used 1200K, capacity 1273K, committed 1280K, reserved 1048576K
}
Event: 1.010 GC heap before
{Heap before GC invocations=6 (full 1):
 PSYoungGen      total 18432K, used 16971K [0x00000000eb580000, 0x00000000ece80000, 0x0000000100000000)
  eden space 15872K, 100% used [0x00000000eb580000,0x00000000ec500000,0x00000000ec500000)
  from space 2560K, 42% used [0x00000000ec780000,0x00000000ec892e00,0x00000000eca00000)
  to   space 2560K, 0% used [0x00000000ec500000,0x00000000ec500000,0x00000000ec780000)
 ParOldGen       total 31232K, used 1579K [0x00000000c2000000, 0x00000000c3e80000, 0x00000000eb580000)
  object space 31232K, 5% used [0x00000000c2000000,0x00000000c218ae08,0x00000000c3e80000)
 Metaspace       used 10415K, capacity 10644K, committed 11008K, reserved 1060864K
  class space    used 1326K, capacity 1419K, committed 1536K, reserved 1048576K
Event: 1.013 GC heap after
Heap after GC invocations=6 (full 1):
 PSYoungGen      total 18432K, used 2527K [0x00000000eb580000, 0x00000000ece80000, 0x0000000100000000)
  eden space 15872K, 0% used [0x00000000eb580000,0x00000000eb580000,0x00000000ec500000)
  from space 2560K, 98% used [0x00000000ec500000,0x00000000ec777f38,0x00000000ec780000)
  to   space 2560K, 0% used [0x00000000ec780000,0x00000000ec780000,0x00000000eca00000)
 ParOldGen       total 31232K, used 1587K [0x00000000c2000000, 0x00000000c3e80000, 0x00000000eb580000)
  object space 31232K, 5% used [0x00000000c2000000,0x00000000c218ce08,0x00000000c3e80000)
 Metaspace       used 10415K, capacity 10644K, committed 11008K, reserved 1060864K
  class space    used 1326K, capacity 1419K, committed 1536K, reserved 1048576K
}
Event: 1.136 GC heap before
{Heap before GC invocations=7 (full 1):
 PSYoungGen      total 18432K, used 18399K [0x00000000eb580000, 0x00000000ece80000, 0x0000000100000000)
  eden space 15872K, 100% used [0x00000000eb580000,0x00000000ec500000,0x00000000ec500000)
  from space 2560K, 98% used [0x00000000ec500000,0x00000000ec777f38,0x00000000ec780000)
  to   space 2560K, 0% used [0x00000000ec780000,0x00000000ec780000,0x00000000eca00000)
 ParOldGen       total 31232K, used 1587K [0x00000000c2000000, 0x00000000c3e80000, 0x00000000eb580000)
  object space 31232K, 5% used [0x00000000c2000000,0x00000000c218ce08,0x00000000c3e80000)
 Metaspace       used 12900K, capacity 13266K, committed 13312K, reserved 1062912K
  class space    used 1660K, capacity 1770K, committed 1792K, reserved 1048576K
Event: 1.141 GC heap after
Heap after GC invocations=7 (full 1):
 PSYoungGen      total 18432K, used 2558K [0x00000000eb580000, 0x00000000ece80000, 0x0000000100000000)
  eden space 15872K, 0% used [0x00000000eb580000,0x00000000eb580000,0x00000000ec500000)
  from space 2560K, 99% used [0x00000000ec780000,0x00000000ec9ffac8,0x00000000eca00000)
  to   space 2560K, 0% used [0x00000000ec500000,0x00000000ec500000,0x00000000ec780000)
 ParOldGen       total 31232K, used 2006K [0x00000000c2000000, 0x00000000c3e80000, 0x00000000eb580000)
  object space 31232K, 6% used [0x00000000c2000000,0x00000000c21f5b50,0x00000000c3e80000)
 Metaspace       used 12900K, capacity 13266K, committed 13312K, reserved 1062912K
  class space    used 1660K, capacity 1770K, committed 1792K, reserved 1048576K
}
Event: 1.190 GC heap before
{Heap before GC invocations=8 (full 1):
 PSYoungGen      total 18432K, used 11810K [0x00000000eb580000, 0x00000000ece80000, 0x0000000100000000)
  eden space 15872K, 58% used [0x00000000eb580000,0x00000000ebe88d98,0x00000000ec500000)
  from space 2560K, 99% used [0x00000000ec780000,0x00000000ec9ffac8,0x00000000eca00000)
  to   space 2560K, 0% used [0x00000000ec500000,0x00000000ec500000,0x00000000ec780000)
 ParOldGen       total 31232K, used 2006K [0x00000000c2000000, 0x00000000c3e80000, 0x00000000eb580000)
  object space 31232K, 6% used [0x00000000c2000000,0x00000000c21f5b50,0x00000000c3e80000)
 Metaspace       used 13705K, capacity 14184K, committed 14208K, reserved 1062912K
  class space    used 1792K, capacity 1906K, committed 1920K, reserved 1048576K
Event: 1.193 GC heap after
Heap after GC invocations=8 (full 1):
 PSYoungGen      total 18432K, used 1767K [0x00000000eb580000, 0x00000000ece80000, 0x0000000100000000)
  eden space 15872K, 0% used [0x00000000eb580000,0x00000000eb580000,0x00000000ec500000)
  from space 2560K, 69% used [0x00000000ec500000,0x00000000ec6b9fc8,0x00000000ec780000)
  to   space 2560K, 0% used [0x00000000ec780000,0x00000000ec780000,0x00000000eca00000)
 ParOldGen       total 31232K, used 2860K [0x00000000c2000000, 0x00000000c3e80000, 0x00000000eb580000)
  object space 31232K, 9% used [0x00000000c2000000,0x00000000c22cb110,0x00000000c3e80000)
 Metaspace       used 13705K, capacity 14184K, committed 14208K, reserved 1062912K
  class space    used 1792K, capacity 1906K, committed 1920K, reserved 1048576K
}
Event: 1.193 GC heap before
{Heap before GC invocations=9 (full 2):
 PSYoungGen      total 18432K, used 1767K [0x00000000eb580000, 0x00000000ece80000, 0x0000000100000000)
  eden space 15872K, 0% used [0x00000000eb580000,0x00000000eb580000,0x00000000ec500000)
  from space 2560K, 69% used [0x00000000ec500000,0x00000000ec6b9fc8,0x00000000ec780000)
  to   space 2560K, 0% used [0x00000000ec780000,0x00000000ec780000,0x00000000eca00000)
 ParOldGen       total 31232K, used 2860K [0x00000000c2000000, 0x00000000c3e80000, 0x00000000eb580000)
  object space 31232K, 9% used [0x00000000c2000000,0x00000000c22cb110,0x00000000c3e80000)
 Metaspace       used 13705K, capacity 14184K, committed 14208K, reserved 1062912K
  class space    used 1792K, capacity 1906K, committed 1920K, reserved 1048576K
Event: 1.218 GC heap after
Heap after GC invocations=9 (full 2):
 PSYoungGen      total 18432K, used 0K [0x00000000eb580000, 0x00000000ece80000, 0x0000000100000000)
  eden space 15872K, 0% used [0x00000000eb580000,0x00000000eb580000,0x00000000ec500000)
  from space 2560K, 0% used [0x00000000ec500000,0x00000000ec500000,0x00000000ec780000)
  to   space 2560K, 0% used [0x00000000ec780000,0x00000000ec780000,0x00000000eca00000)
 ParOldGen       total 31232K, used 3875K [0x00000000c2000000, 0x00000000c3e80000, 0x00000000eb580000)
  object space 31232K, 12% used [0x00000000c2000000,0x00000000c23c8dd8,0x00000000c3e80000)
 Metaspace       used 13704K, capacity 14178K, committed 14208K, reserved 1062912K
  class space    used 1792K, capacity 1905K, committed 1920K, reserved 1048576K
}

